23-Jun-2023 05:46:22 CEST  Initiating request to open file root://eoscms.cern.ch//eos/cms/store/mc/RunIISummer16MiniAODv2/DY1JetsToLL_M-10to50_TuneCUETP8M1_13TeV-madgraphMLM-pythia8/MINIAODSIM/PUMoriond17_80X_mcRun2_asymptotic_2016_TrancheIV_v6-v1/120000/0A214478-78CB-E611-A8BD-E0071B749C80.root
%MSG-w XrdAdaptorInternal:  file_open 23-Jun-2023 05:46:23 CEST pre-events
Failed to open file at URL root://eoscms.cern.ch:1094//eos/cms/store/mc/RunIISummer16MiniAODv2/DY1JetsToLL_M-10to50_TuneCUETP8M1_13TeV-madgraphMLM-pythia8/MINIAODSIM/PUMoriond17_80X_mcRun2_asymptotic_2016_TrancheIV_v6-v1/120000/0A214478-78CB-E611-A8BD-E0071B749C80.root.
%MSG
%MSG-w XrdAdaptorInternal:  file_open 23-Jun-2023 05:46:23 CEST pre-events
Failed to open file at URL root://eoscms.cern.ch:1094//eos/cms/store/mc/RunIISummer16MiniAODv2/DY1JetsToLL_M-10to50_TuneCUETP8M1_13TeV-madgraphMLM-pythia8/MINIAODSIM/PUMoriond17_80X_mcRun2_asymptotic_2016_TrancheIV_v6-v1/120000/0A214478-78CB-E611-A8BD-E0071B749C80.root?tried=.
%MSG
23-Jun-2023 05:46:23 CEST  Fallback request to file root://xrootd-cms.infn.it//store/mc/RunIISummer16MiniAODv2/DY1JetsToLL_M-10to50_TuneCUETP8M1_13TeV-madgraphMLM-pythia8/MINIAODSIM/PUMoriond17_80X_mcRun2_asymptotic_2016_TrancheIV_v6-v1/120000/0A214478-78CB-E611-A8BD-E0071B749C80.root
%MSG-w XrdAdaptor:  file_open 23-Jun-2023 05:46:38 CEST pre-events
Data is served from T2_US_Wisconsin instead of original site infn.it
%MSG
23-Jun-2023 05:46:41 CEST  Successfully opened file root://xrootd-cms.infn.it//store/mc/RunIISummer16MiniAODv2/DY1JetsToLL_M-10to50_TuneCUETP8M1_13TeV-madgraphMLM-pythia8/MINIAODSIM/PUMoriond17_80X_mcRun2_asymptotic_2016_TrancheIV_v6-v1/120000/0A214478-78CB-E611-A8BD-E0071B749C80.root
Begin processing the 1st record. Run 1, Event 878018, LumiSection 1216 on stream 0 at 23-Jun-2023 05:46:55.100 CEST
23-Jun-2023 05:47:02 CEST  Closed file root://xrootd-cms.infn.it//store/mc/RunIISummer16MiniAODv2/DY1JetsToLL_M-10to50_TuneCUETP8M1_13TeV-madgraphMLM-pythia8/MINIAODSIM/PUMoriond17_80X_mcRun2_asymptotic_2016_TrancheIV_v6-v1/120000/0A214478-78CB-E611-A8BD-E0071B749C80.root
23-Jun-2023 05:47:02 CEST  Initiating request to open file root://eoscms.cern.ch//eos/cms/store/mc/RunIISummer16MiniAODv2/DY1JetsToLL_M-10to50_TuneCUETP8M1_13TeV-madgraphMLM-pythia8/MINIAODSIM/PUMoriond17_80X_mcRun2_asymptotic_2016_TrancheIV_v6-v1/120000/988AA4A8-7CCB-E611-A7CA-E0071B7AC700.root
%MSG-w XrdAdaptorInternal:  file_open 23-Jun-2023 05:47:03 CEST PostProcessEvent
Failed to open file at URL root://eoscms.cern.ch:1094//eos/cms/store/mc/RunIISummer16MiniAODv2/DY1JetsToLL_M-10to50_TuneCUETP8M1_13TeV-madgraphMLM-pythia8/MINIAODSIM/PUMoriond17_80X_mcRun2_asymptotic_2016_TrancheIV_v6-v1/120000/988AA4A8-7CCB-E611-A7CA-E0071B7AC700.root.
%MSG
%MSG-w XrdAdaptorInternal:  file_open 23-Jun-2023 05:47:03 CEST PostProcessEvent
Failed to open file at URL root://eoscms.cern.ch:1094//eos/cms/store/mc/RunIISummer16MiniAODv2/DY1JetsToLL_M-10to50_TuneCUETP8M1_13TeV-madgraphMLM-pythia8/MINIAODSIM/PUMoriond17_80X_mcRun2_asymptotic_2016_TrancheIV_v6-v1/120000/988AA4A8-7CCB-E611-A7CA-E0071B7AC700.root?tried=.
%MSG
23-Jun-2023 05:47:03 CEST  Fallback request to file root://xrootd-cms.infn.it//store/mc/RunIISummer16MiniAODv2/DY1JetsToLL_M-10to50_TuneCUETP8M1_13TeV-madgraphMLM-pythia8/MINIAODSIM/PUMoriond17_80X_mcRun2_asymptotic_2016_TrancheIV_v6-v1/120000/988AA4A8-7CCB-E611-A7CA-E0071B7AC700.root
%MSG-w XrdAdaptor:  file_open 23-Jun-2023 05:47:29 CEST PostProcessEvent
Data is served from T2_US_Wisconsin instead of original site infn.it
%MSG
23-Jun-2023 05:47:30 CEST  Successfully opened file root://xrootd-cms.infn.it//store/mc/RunIISummer16MiniAODv2/DY1JetsToLL_M-10to50_TuneCUETP8M1_13TeV-madgraphMLM-pythia8/MINIAODSIM/PUMoriond17_80X_mcRun2_asymptotic_2016_TrancheIV_v6-v1/120000/988AA4A8-7CCB-E611-A7CA-E0071B7AC700.root
Begin processing the 100001st record. Run 1, Event 1028617, LumiSection 1424 on stream 0 at 23-Jun-2023 05:47:51.838 CEST
Begin processing the 200001st record. Run 1, Event 17622928, LumiSection 24392 on stream 0 at 23-Jun-2023 05:48:02.335 CEST
23-Jun-2023 05:48:06 CEST  Closed file root://xrootd-cms.infn.it//store/mc/RunIISummer16MiniAODv2/DY1JetsToLL_M-10to50_TuneCUETP8M1_13TeV-madgraphMLM-pythia8/MINIAODSIM/PUMoriond17_80X_mcRun2_asymptotic_2016_TrancheIV_v6-v1/120000/988AA4A8-7CCB-E611-A7CA-E0071B7AC700.root
23-Jun-2023 05:48:06 CEST  Initiating request to open file root://eoscms.cern.ch//eos/cms/store/mc/RunIISummer16MiniAODv2/DY1JetsToLL_M-10to50_TuneCUETP8M1_13TeV-madgraphMLM-pythia8/MINIAODSIM/PUMoriond17_80X_mcRun2_asymptotic_2016_TrancheIV_v6-v1/120000/622C61A8-7CCB-E611-9DEA-24BE05C618F1.root
%MSG-w XrdAdaptorInternal:  file_open 23-Jun-2023 05:48:07 CEST PostProcessEvent
Failed to open file at URL root://eoscms.cern.ch:1094//eos/cms/store/mc/RunIISummer16MiniAODv2/DY1JetsToLL_M-10to50_TuneCUETP8M1_13TeV-madgraphMLM-pythia8/MINIAODSIM/PUMoriond17_80X_mcRun2_asymptotic_2016_TrancheIV_v6-v1/120000/622C61A8-7CCB-E611-9DEA-24BE05C618F1.root.
%MSG
%MSG-w XrdAdaptorInternal:  file_open 23-Jun-2023 05:48:07 CEST PostProcessEvent
Failed to open file at URL root://eoscms.cern.ch:1094//eos/cms/store/mc/RunIISummer16MiniAODv2/DY1JetsToLL_M-10to50_TuneCUETP8M1_13TeV-madgraphMLM-pythia8/MINIAODSIM/PUMoriond17_80X_mcRun2_asymptotic_2016_TrancheIV_v6-v1/120000/622C61A8-7CCB-E611-9DEA-24BE05C618F1.root?tried=.
%MSG
23-Jun-2023 05:48:07 CEST  Fallback request to file root://xrootd-cms.infn.it//store/mc/RunIISummer16MiniAODv2/DY1JetsToLL_M-10to50_TuneCUETP8M1_13TeV-madgraphMLM-pythia8/MINIAODSIM/PUMoriond17_80X_mcRun2_asymptotic_2016_TrancheIV_v6-v1/120000/622C61A8-7CCB-E611-9DEA-24BE05C618F1.root
%MSG-w XrdAdaptor:  file_open 23-Jun-2023 05:48:26 CEST PostProcessEvent
Data is served from T2_US_Wisconsin instead of original site infn.it
%MSG
23-Jun-2023 05:48:27 CEST  Successfully opened file root://xrootd-cms.infn.it//store/mc/RunIISummer16MiniAODv2/DY1JetsToLL_M-10to50_TuneCUETP8M1_13TeV-madgraphMLM-pythia8/MINIAODSIM/PUMoriond17_80X_mcRun2_asymptotic_2016_TrancheIV_v6-v1/120000/622C61A8-7CCB-E611-9DEA-24BE05C618F1.root
Begin processing the 300001st record. Run 1, Event 42407305, LumiSection 58695 on stream 0 at 23-Jun-2023 05:49:03.120 CEST
23-Jun-2023 05:49:12 CEST  Closed file root://xrootd-cms.infn.it//store/mc/RunIISummer16MiniAODv2/DY1JetsToLL_M-10to50_TuneCUETP8M1_13TeV-madgraphMLM-pythia8/MINIAODSIM/PUMoriond17_80X_mcRun2_asymptotic_2016_TrancheIV_v6-v1/120000/622C61A8-7CCB-E611-9DEA-24BE05C618F1.root
23-Jun-2023 05:49:12 CEST  Initiating request to open file root://eoscms.cern.ch//eos/cms/store/mc/RunIISummer16MiniAODv2/DY1JetsToLL_M-10to50_TuneCUETP8M1_13TeV-madgraphMLM-pythia8/MINIAODSIM/PUMoriond17_80X_mcRun2_asymptotic_2016_TrancheIV_v6-v1/120000/2414C8AA-7DCB-E611-B704-E0071B749C80.root
%MSG-w XrdAdaptorInternal:  file_open 23-Jun-2023 05:49:13 CEST PostProcessEvent
Failed to open file at URL root://eoscms.cern.ch:1094//eos/cms/store/mc/RunIISummer16MiniAODv2/DY1JetsToLL_M-10to50_TuneCUETP8M1_13TeV-madgraphMLM-pythia8/MINIAODSIM/PUMoriond17_80X_mcRun2_asymptotic_2016_TrancheIV_v6-v1/120000/2414C8AA-7DCB-E611-B704-E0071B749C80.root.
%MSG
%MSG-w XrdAdaptorInternal:  file_open 23-Jun-2023 05:49:13 CEST PostProcessEvent
Failed to open file at URL root://eoscms.cern.ch:1094//eos/cms/store/mc/RunIISummer16MiniAODv2/DY1JetsToLL_M-10to50_TuneCUETP8M1_13TeV-madgraphMLM-pythia8/MINIAODSIM/PUMoriond17_80X_mcRun2_asymptotic_2016_TrancheIV_v6-v1/120000/2414C8AA-7DCB-E611-B704-E0071B749C80.root?tried=.
%MSG
23-Jun-2023 05:49:13 CEST  Fallback request to file root://xrootd-cms.infn.it//store/mc/RunIISummer16MiniAODv2/DY1JetsToLL_M-10to50_TuneCUETP8M1_13TeV-madgraphMLM-pythia8/MINIAODSIM/PUMoriond17_80X_mcRun2_asymptotic_2016_TrancheIV_v6-v1/120000/2414C8AA-7DCB-E611-B704-E0071B749C80.root
%MSG-w XrdAdaptor:  file_open 23-Jun-2023 05:49:26 CEST PostProcessEvent
Data is served from T2_US_Wisconsin instead of original site infn.it
%MSG
23-Jun-2023 05:49:26 CEST  Successfully opened file root://xrootd-cms.infn.it//store/mc/RunIISummer16MiniAODv2/DY1JetsToLL_M-10to50_TuneCUETP8M1_13TeV-madgraphMLM-pythia8/MINIAODSIM/PUMoriond17_80X_mcRun2_asymptotic_2016_TrancheIV_v6-v1/120000/2414C8AA-7DCB-E611-B704-E0071B749C80.root
Begin processing the 400001st record. Run 1, Event 102551116, LumiSection 141940 on stream 0 at 23-Jun-2023 05:49:51.830 CEST
23-Jun-2023 05:49:59 CEST  Closed file root://xrootd-cms.infn.it//store/mc/RunIISummer16MiniAODv2/DY1JetsToLL_M-10to50_TuneCUETP8M1_13TeV-madgraphMLM-pythia8/MINIAODSIM/PUMoriond17_80X_mcRun2_asymptotic_2016_TrancheIV_v6-v1/120000/2414C8AA-7DCB-E611-B704-E0071B749C80.root
23-Jun-2023 05:49:59 CEST  Initiating request to open file root://eoscms.cern.ch//eos/cms/store/mc/RunIISummer16MiniAODv2/DY1JetsToLL_M-10to50_TuneCUETP8M1_13TeV-madgraphMLM-pythia8/MINIAODSIM/PUMoriond17_80X_mcRun2_asymptotic_2016_TrancheIV_v6-v1/120000/5C409A9D-7CCB-E611-B53D-A0369F310374.root
%MSG-w XrdAdaptorInternal:  file_open 23-Jun-2023 05:50:00 CEST PostProcessEvent
Failed to open file at URL root://eoscms.cern.ch:1094//eos/cms/store/mc/RunIISummer16MiniAODv2/DY1JetsToLL_M-10to50_TuneCUETP8M1_13TeV-madgraphMLM-pythia8/MINIAODSIM/PUMoriond17_80X_mcRun2_asymptotic_2016_TrancheIV_v6-v1/120000/5C409A9D-7CCB-E611-B53D-A0369F310374.root.
%MSG
%MSG-w XrdAdaptorInternal:  file_open 23-Jun-2023 05:50:00 CEST PostProcessEvent
Failed to open file at URL root://eoscms.cern.ch:1094//eos/cms/store/mc/RunIISummer16MiniAODv2/DY1JetsToLL_M-10to50_TuneCUETP8M1_13TeV-madgraphMLM-pythia8/MINIAODSIM/PUMoriond17_80X_mcRun2_asymptotic_2016_TrancheIV_v6-v1/120000/5C409A9D-7CCB-E611-B53D-A0369F310374.root?tried=.
%MSG
23-Jun-2023 05:50:00 CEST  Fallback request to file root://xrootd-cms.infn.it//store/mc/RunIISummer16MiniAODv2/DY1JetsToLL_M-10to50_TuneCUETP8M1_13TeV-madgraphMLM-pythia8/MINIAODSIM/PUMoriond17_80X_mcRun2_asymptotic_2016_TrancheIV_v6-v1/120000/5C409A9D-7CCB-E611-B53D-A0369F310374.root
%MSG-w XrdAdaptor:  file_open 23-Jun-2023 05:50:14 CEST PostProcessEvent
Data is served from T2_US_Wisconsin instead of original site infn.it
%MSG
23-Jun-2023 05:50:15 CEST  Successfully opened file root://xrootd-cms.infn.it//store/mc/RunIISummer16MiniAODv2/DY1JetsToLL_M-10to50_TuneCUETP8M1_13TeV-madgraphMLM-pythia8/MINIAODSIM/PUMoriond17_80X_mcRun2_asymptotic_2016_TrancheIV_v6-v1/120000/5C409A9D-7CCB-E611-B53D-A0369F310374.root
Begin processing the 500001st record. Run 1, Event 94994263, LumiSection 131480 on stream 0 at 23-Jun-2023 05:50:40.926 CEST
23-Jun-2023 05:50:49 CEST  Closed file root://xrootd-cms.infn.it//store/mc/RunIISummer16MiniAODv2/DY1JetsToLL_M-10to50_TuneCUETP8M1_13TeV-madgraphMLM-pythia8/MINIAODSIM/PUMoriond17_80X_mcRun2_asymptotic_2016_TrancheIV_v6-v1/120000/5C409A9D-7CCB-E611-B53D-A0369F310374.root
23-Jun-2023 05:50:49 CEST  Initiating request to open file root://eoscms.cern.ch//eos/cms/store/mc/RunIISummer16MiniAODv2/DY1JetsToLL_M-10to50_TuneCUETP8M1_13TeV-madgraphMLM-pythia8/MINIAODSIM/PUMoriond17_80X_mcRun2_asymptotic_2016_TrancheIV_v6-v1/120000/3E58FBDC-7DCB-E611-A6D6-E0071B7A8560.root
%MSG-w XrdAdaptorInternal:  file_open 23-Jun-2023 05:50:50 CEST PostProcessEvent
Failed to open file at URL root://eoscms.cern.ch:1094//eos/cms/store/mc/RunIISummer16MiniAODv2/DY1JetsToLL_M-10to50_TuneCUETP8M1_13TeV-madgraphMLM-pythia8/MINIAODSIM/PUMoriond17_80X_mcRun2_asymptotic_2016_TrancheIV_v6-v1/120000/3E58FBDC-7DCB-E611-A6D6-E0071B7A8560.root.
%MSG
%MSG-w XrdAdaptorInternal:  file_open 23-Jun-2023 05:50:50 CEST PostProcessEvent
Failed to open file at URL root://eoscms.cern.ch:1094//eos/cms/store/mc/RunIISummer16MiniAODv2/DY1JetsToLL_M-10to50_TuneCUETP8M1_13TeV-madgraphMLM-pythia8/MINIAODSIM/PUMoriond17_80X_mcRun2_asymptotic_2016_TrancheIV_v6-v1/120000/3E58FBDC-7DCB-E611-A6D6-E0071B7A8560.root?tried=.
%MSG
23-Jun-2023 05:50:50 CEST  Fallback request to file root://xrootd-cms.infn.it//store/mc/RunIISummer16MiniAODv2/DY1JetsToLL_M-10to50_TuneCUETP8M1_13TeV-madgraphMLM-pythia8/MINIAODSIM/PUMoriond17_80X_mcRun2_asymptotic_2016_TrancheIV_v6-v1/120000/3E58FBDC-7DCB-E611-A6D6-E0071B7A8560.root
%MSG-w XrdAdaptor:  file_open 23-Jun-2023 05:51:03 CEST PostProcessEvent
Data is served from T2_US_Wisconsin instead of original site infn.it
%MSG
23-Jun-2023 05:51:04 CEST  Successfully opened file root://xrootd-cms.infn.it//store/mc/RunIISummer16MiniAODv2/DY1JetsToLL_M-10to50_TuneCUETP8M1_13TeV-madgraphMLM-pythia8/MINIAODSIM/PUMoriond17_80X_mcRun2_asymptotic_2016_TrancheIV_v6-v1/120000/3E58FBDC-7DCB-E611-A6D6-E0071B7A8560.root
Begin processing the 600001st record. Run 1, Event 112438176, LumiSection 155624 on stream 0 at 23-Jun-2023 05:51:29.044 CEST
Begin processing the 700001st record. Run 1, Event 57381913, LumiSection 79421 on stream 0 at 23-Jun-2023 05:51:38.897 CEST
23-Jun-2023 05:51:42 CEST  Closed file root://xrootd-cms.infn.it//store/mc/RunIISummer16MiniAODv2/DY1JetsToLL_M-10to50_TuneCUETP8M1_13TeV-madgraphMLM-pythia8/MINIAODSIM/PUMoriond17_80X_mcRun2_asymptotic_2016_TrancheIV_v6-v1/120000/3E58FBDC-7DCB-E611-A6D6-E0071B7A8560.root
23-Jun-2023 05:51:42 CEST  Initiating request to open file root://eoscms.cern.ch//eos/cms/store/mc/RunIISummer16MiniAODv2/DY1JetsToLL_M-10to50_TuneCUETP8M1_13TeV-madgraphMLM-pythia8/MINIAODSIM/PUMoriond17_80X_mcRun2_asymptotic_2016_TrancheIV_v6-v1/120000/4431FCED-7DCB-E611-BCF6-A0000420FE80.root
%MSG-w XrdAdaptorInternal:  file_open 23-Jun-2023 05:51:43 CEST PostProcessEvent
Failed to open file at URL root://eoscms.cern.ch:1094//eos/cms/store/mc/RunIISummer16MiniAODv2/DY1JetsToLL_M-10to50_TuneCUETP8M1_13TeV-madgraphMLM-pythia8/MINIAODSIM/PUMoriond17_80X_mcRun2_asymptotic_2016_TrancheIV_v6-v1/120000/4431FCED-7DCB-E611-BCF6-A0000420FE80.root.
%MSG
%MSG-w XrdAdaptorInternal:  file_open 23-Jun-2023 05:51:43 CEST PostProcessEvent
Failed to open file at URL root://eoscms.cern.ch:1094//eos/cms/store/mc/RunIISummer16MiniAODv2/DY1JetsToLL_M-10to50_TuneCUETP8M1_13TeV-madgraphMLM-pythia8/MINIAODSIM/PUMoriond17_80X_mcRun2_asymptotic_2016_TrancheIV_v6-v1/120000/4431FCED-7DCB-E611-BCF6-A0000420FE80.root?tried=.
%MSG
23-Jun-2023 05:51:43 CEST  Fallback request to file root://xrootd-cms.infn.it//store/mc/RunIISummer16MiniAODv2/DY1JetsToLL_M-10to50_TuneCUETP8M1_13TeV-madgraphMLM-pythia8/MINIAODSIM/PUMoriond17_80X_mcRun2_asymptotic_2016_TrancheIV_v6-v1/120000/4431FCED-7DCB-E611-BCF6-A0000420FE80.root
%MSG-w XrdAdaptor:  file_open 23-Jun-2023 05:51:57 CEST PostProcessEvent
Data is served from T2_US_Wisconsin instead of original site infn.it
%MSG
23-Jun-2023 05:51:57 CEST  Successfully opened file root://xrootd-cms.infn.it//store/mc/RunIISummer16MiniAODv2/DY1JetsToLL_M-10to50_TuneCUETP8M1_13TeV-madgraphMLM-pythia8/MINIAODSIM/PUMoriond17_80X_mcRun2_asymptotic_2016_TrancheIV_v6-v1/120000/4431FCED-7DCB-E611-BCF6-A0000420FE80.root
Begin processing the 800001st record. Run 1, Event 48006562, LumiSection 66445 on stream 0 at 23-Jun-2023 05:52:36.174 CEST
23-Jun-2023 05:52:44 CEST  Closed file root://xrootd-cms.infn.it//store/mc/RunIISummer16MiniAODv2/DY1JetsToLL_M-10to50_TuneCUETP8M1_13TeV-madgraphMLM-pythia8/MINIAODSIM/PUMoriond17_80X_mcRun2_asymptotic_2016_TrancheIV_v6-v1/120000/4431FCED-7DCB-E611-BCF6-A0000420FE80.root
23-Jun-2023 05:52:44 CEST  Initiating request to open file root://eoscms.cern.ch//eos/cms/store/mc/RunIISummer16MiniAODv2/DY1JetsToLL_M-10to50_TuneCUETP8M1_13TeV-madgraphMLM-pythia8/MINIAODSIM/PUMoriond17_80X_mcRun2_asymptotic_2016_TrancheIV_v6-v1/120000/6C7CBBC9-7ECB-E611-86AE-A0369F3102F6.root
%MSG-w XrdAdaptorInternal:  file_open 23-Jun-2023 05:52:45 CEST PostProcessEvent
Failed to open file at URL root://eoscms.cern.ch:1094//eos/cms/store/mc/RunIISummer16MiniAODv2/DY1JetsToLL_M-10to50_TuneCUETP8M1_13TeV-madgraphMLM-pythia8/MINIAODSIM/PUMoriond17_80X_mcRun2_asymptotic_2016_TrancheIV_v6-v1/120000/6C7CBBC9-7ECB-E611-86AE-A0369F3102F6.root.
%MSG
%MSG-w XrdAdaptorInternal:  file_open 23-Jun-2023 05:52:45 CEST PostProcessEvent
Failed to open file at URL root://eoscms.cern.ch:1094//eos/cms/store/mc/RunIISummer16MiniAODv2/DY1JetsToLL_M-10to50_TuneCUETP8M1_13TeV-madgraphMLM-pythia8/MINIAODSIM/PUMoriond17_80X_mcRun2_asymptotic_2016_TrancheIV_v6-v1/120000/6C7CBBC9-7ECB-E611-86AE-A0369F3102F6.root?tried=.
%MSG
23-Jun-2023 05:52:45 CEST  Fallback request to file root://xrootd-cms.infn.it//store/mc/RunIISummer16MiniAODv2/DY1JetsToLL_M-10to50_TuneCUETP8M1_13TeV-madgraphMLM-pythia8/MINIAODSIM/PUMoriond17_80X_mcRun2_asymptotic_2016_TrancheIV_v6-v1/120000/6C7CBBC9-7ECB-E611-86AE-A0369F3102F6.root
%MSG-w XrdAdaptor:  file_open 23-Jun-2023 05:52:59 CEST PostProcessEvent
Data is served from T2_US_Wisconsin instead of original site infn.it
%MSG
23-Jun-2023 05:52:59 CEST  Successfully opened file root://xrootd-cms.infn.it//store/mc/RunIISummer16MiniAODv2/DY1JetsToLL_M-10to50_TuneCUETP8M1_13TeV-madgraphMLM-pythia8/MINIAODSIM/PUMoriond17_80X_mcRun2_asymptotic_2016_TrancheIV_v6-v1/120000/6C7CBBC9-7ECB-E611-86AE-A0369F3102F6.root
Begin processing the 900001st record. Run 1, Event 3336210, LumiSection 4618 on stream 0 at 23-Jun-2023 05:53:26.937 CEST
   2826.204988      0.304398      0.658431             0
 
23-Jun-2023 05:53:36 CEST  Closed file root://xrootd-cms.infn.it//store/mc/RunIISummer16MiniAODv2/DY1JetsToLL_M-10to50_TuneCUETP8M1_13TeV-madgraphMLM-pythia8/MINIAODSIM/PUMoriond17_80X_mcRun2_asymptotic_2016_TrancheIV_v6-v1/120000/6C7CBBC9-7ECB-E611-86AE-A0369F3102F6.root

------------------------------------
GenXsecAnalyzer:
------------------------------------
-------------------------------------------------------------------------------------------------------------------------------------------------------------------------- 
Overall cross-section summary 
--------------------------------------------------------------------------------------------------------------------------------------------------------------------------
Process		xsec_before [pb]		passed	nposw	nnegw	tried	nposw	nnegw 	xsec_match [pb]			accepted [%]	 event_eff [%]
0		2.826e+03 +/- 2.927e-01		1000160	1000160	0	3866730	3866730	0	7.310e+02 +/- 6.339e-01		25.9 +/- 0.0	25.9 +/- 0.0
-------------------------------------------------------------------------------------------------------------------------------------------------------------------------- 
Total		2.826e+03 +/- 2.927e-01		1000160	1000160	0	3866730	3866730	0	7.310e+02 +/- 6.339e-01		25.9 +/- 0.0	25.9 +/- 0.0
--------------------------------------------------------------------------------------------------------------------------------------------------------------------------
Before matching: total cross section = 2.826e+03 +- 2.927e-01 pb
After matching: total cross section = 7.310e+02 +- 6.339e-01 pb
Matching efficiency = 0.3 +/- 0.0   [TO BE USED IN MCM]
Filter efficiency (taking into account weights)= (1.00016e+06) / (1.00016e+06) = 1.000e+00 +- 0.000e+00
Filter efficiency (event-level)= (1.00016e+06) / (1.00016e+06) = 1.000e+00 +- 0.000e+00    [TO BE USED IN MCM]

After filter: final cross section = 7.310e+02 +- 6.339e-01 pb
After filter: final fraction of events with negative weights = 0.000e+00 +- 0.000e+00
After filter: final equivalent lumi for 1M events (1/fb) = 1.368e+00 +- 1.811e-03

=============================================

MessageLogger Summary

 type     category        sev    module        subroutine        count    total
 ---- -------------------- -- ---------------- ----------------  -----    -----
    1 GenXSecAnalyzer      -w GenXSecAnalyzer:                      15       15
    2 XrdAdaptor           -w file_open                              8        8
    3 XrdAdaptorInternal   -w file_open                             16       16
    4 fileAction           -s file_close                             8        8
    5 fileAction           -s file_open                             24       24

 type    category    Examples: run/evt        run/evt          run/evt
 ---- -------------------- ---------------- ---------------- ----------------
    1 GenXSecAnalyzer      PostGlobalEndRun PostGlobalEndRun PostGlobalEndRun
    2 XrdAdaptor           pre-events       PostProcessEvent PostProcessEvent
    3 XrdAdaptorInternal   pre-events       pre-events       PostProcessEvent
    4 fileAction           PostProcessEvent PostProcessEvent PostGlobalEndRun
    5 fileAction           pre-events       pre-events       PostProcessEvent

Severity    # Occurrences   Total Occurrences
--------    -------------   -----------------
Warning                39                  39
System                 32                  32

dropped waiting message count 0
