23-Jun-2023 05:53:39 CEST  Initiating request to open file root://eoscms.cern.ch//eos/cms/store/mc/RunIISummer16MiniAODv2/DY2JetsToLL_M-10to50_TuneCUETP8M1_13TeV-madgraphMLM-pythia8/MINIAODSIM/PUMoriond17_80X_mcRun2_asymptotic_2016_TrancheIV_v6-v1/50000/F830C7D7-9AC8-E611-94B5-3417EBE6444D.root
%MSG-w XrdAdaptorInternal:  file_open 23-Jun-2023 05:53:40 CEST pre-events
Failed to open file at URL root://eoscms.cern.ch:1094//eos/cms/store/mc/RunIISummer16MiniAODv2/DY2JetsToLL_M-10to50_TuneCUETP8M1_13TeV-madgraphMLM-pythia8/MINIAODSIM/PUMoriond17_80X_mcRun2_asymptotic_2016_TrancheIV_v6-v1/50000/F830C7D7-9AC8-E611-94B5-3417EBE6444D.root.
%MSG
%MSG-w XrdAdaptorInternal:  file_open 23-Jun-2023 05:53:40 CEST pre-events
Failed to open file at URL root://eoscms.cern.ch:1094//eos/cms/store/mc/RunIISummer16MiniAODv2/DY2JetsToLL_M-10to50_TuneCUETP8M1_13TeV-madgraphMLM-pythia8/MINIAODSIM/PUMoriond17_80X_mcRun2_asymptotic_2016_TrancheIV_v6-v1/50000/F830C7D7-9AC8-E611-94B5-3417EBE6444D.root?tried=.
%MSG
23-Jun-2023 05:53:40 CEST  Fallback request to file root://xrootd-cms.infn.it//store/mc/RunIISummer16MiniAODv2/DY2JetsToLL_M-10to50_TuneCUETP8M1_13TeV-madgraphMLM-pythia8/MINIAODSIM/PUMoriond17_80X_mcRun2_asymptotic_2016_TrancheIV_v6-v1/50000/F830C7D7-9AC8-E611-94B5-3417EBE6444D.root
%MSG-w XrdAdaptorInternal:  file_open 23-Jun-2023 05:55:42 CEST pre-events
Failed to open file at URL root://cms-xrd-global.cern.ch:1094//store/mc/RunIISummer16MiniAODv2/DY2JetsToLL_M-10to50_TuneCUETP8M1_13TeV-madgraphMLM-pythia8/MINIAODSIM/PUMoriond17_80X_mcRun2_asymptotic_2016_TrancheIV_v6-v1/50000/F830C7D7-9AC8-E611-94B5-3417EBE6444D.root?tried=+1213xrootd-redic.pi.infn.it.
%MSG
%MSG-w XrdAdaptorInternal:  file_open 23-Jun-2023 05:55:42 CEST pre-events
Failed to open file at URL root://cms-xrd-global.cern.ch:1094//store/mc/RunIISummer16MiniAODv2/DY2JetsToLL_M-10to50_TuneCUETP8M1_13TeV-madgraphMLM-pythia8/MINIAODSIM/PUMoriond17_80X_mcRun2_asymptotic_2016_TrancheIV_v6-v1/50000/F830C7D7-9AC8-E611-94B5-3417EBE6444D.root?tried=+1213xrootd-redic.pi.infn.it,.
%MSG
----- Begin Fatal Exception 23-Jun-2023 05:55:42 CEST-----------------------
An exception of category 'FallbackFileOpenError' occurred while
   [0] Constructing the EventProcessor
   [1] Constructing input source of type PoolSource
   [2] Calling RootFileSequenceBase::initTheFile()
   [3] Calling StorageFactory::open()
   [4] Calling XrdFile::open()
Exception Message:
Failed to open the file 'root://xrootd-cms.infn.it//store/mc/RunIISummer16MiniAODv2/DY2JetsToLL_M-10to50_TuneCUETP8M1_13TeV-madgraphMLM-pythia8/MINIAODSIM/PUMoriond17_80X_mcRun2_asymptotic_2016_TrancheIV_v6-v1/50000/F830C7D7-9AC8-E611-94B5-3417EBE6444D.root'
   Additional Info:
      [a] XrdCl::File::Open(name='root://eoscms.cern.ch//eos/cms/store/mc/RunIISummer16MiniAODv2/DY2JetsToLL_M-10to50_TuneCUETP8M1_13TeV-madgraphMLM-pythia8/MINIAODSIM/PUMoriond17_80X_mcRun2_asymptotic_2016_TrancheIV_v6-v1/50000/F830C7D7-9AC8-E611-94B5-3417EBE6444D.root', flags=0x10, permissions=0660) => error '[ERROR] Server responded with an error: [3011] Unable to open file /eos/cms/store/mc/RunIISummer16MiniAODv2/DY2JetsToLL_M-10to50_TuneCUETP8M1_13TeV-madgraphMLM-pythia8/MINIAODSIM/PUMoriond17_80X_mcRun2_asymptotic_2016_TrancheIV_v6-v1/50000/F830C7D7-9AC8-E611-94B5-3417EBE6444D.root; No such file or directory
' (errno=3011, code=400). No additional data servers were found.
      [b] Last URL tried: root://eoscms.cern.ch:1094//eos/cms/store/mc/RunIISummer16MiniAODv2/DY2JetsToLL_M-10to50_TuneCUETP8M1_13TeV-madgraphMLM-pythia8/MINIAODSIM/PUMoriond17_80X_mcRun2_asymptotic_2016_TrancheIV_v6-v1/50000/F830C7D7-9AC8-E611-94B5-3417EBE6444D.root?tried=
      [c] Problematic data server: eoscms.cern.ch:1094
      [d] Disabled source: eoscms.cern.ch:1094
      [e] Input file root://eoscms.cern.ch//eos/cms/store/mc/RunIISummer16MiniAODv2/DY2JetsToLL_M-10to50_TuneCUETP8M1_13TeV-madgraphMLM-pythia8/MINIAODSIM/PUMoriond17_80X_mcRun2_asymptotic_2016_TrancheIV_v6-v1/50000/F830C7D7-9AC8-E611-94B5-3417EBE6444D.root could not be opened.
Fallback Input file root://xrootd-cms.infn.it//store/mc/RunIISummer16MiniAODv2/DY2JetsToLL_M-10to50_TuneCUETP8M1_13TeV-madgraphMLM-pythia8/MINIAODSIM/PUMoriond17_80X_mcRun2_asymptotic_2016_TrancheIV_v6-v1/50000/F830C7D7-9AC8-E611-94B5-3417EBE6444D.root also could not be opened.
Original exception info is above; fallback exception info is below.
      [f] XrdCl::File::Open(name='root://xrootd-cms.infn.it//store/mc/RunIISummer16MiniAODv2/DY2JetsToLL_M-10to50_TuneCUETP8M1_13TeV-madgraphMLM-pythia8/MINIAODSIM/PUMoriond17_80X_mcRun2_asymptotic_2016_TrancheIV_v6-v1/50000/F830C7D7-9AC8-E611-94B5-3417EBE6444D.root', flags=0x10, permissions=0660) => error '[ERROR] Server responded with an error: [3011] No servers are available to read the file.
' (errno=3011, code=400). No additional data servers were found.
      [g] Last URL tried: root://cms-xrd-global.cern.ch:1094//store/mc/RunIISummer16MiniAODv2/DY2JetsToLL_M-10to50_TuneCUETP8M1_13TeV-madgraphMLM-pythia8/MINIAODSIM/PUMoriond17_80X_mcRun2_asymptotic_2016_TrancheIV_v6-v1/50000/F830C7D7-9AC8-E611-94B5-3417EBE6444D.root?tried=+1213xrootd-redic.pi.infn.it,
      [h] Problematic data server: cms-xrd-global.cern.ch:1094
      [i] Disabled source: cms-xrd-global.cern.ch:1094
----- End Fatal Exception -------------------------------------------------
